<?xml version="1.0" encoding="UTF-8"?>
<testsuite xmlns:xsi="http://www.w3.org/2001/XMLSchema-instance" xsi:noNamespaceSchemaLocation="https://maven.apache.org/surefire/maven-surefire-plugin/xsd/surefire-test-report-3.0.xsd" version="3.0" name="se.yrgo.libraryapp.dao.UserDaoIntegrationTest" time="0.944" tests="2" errors="0" skipped="0" failures="0">
  <properties>
    <property name="java.specification.version" value="20"/>
    <property name="sun.cpu.isalist" value="amd64"/>
    <property name="sun.jnu.encoding" value="Cp1252"/>
    <property name="java.class.path" value="C:\Users\linus\Documents\html\TestOSakerhet\3\2\ts_library\backend\target\test-classes;C:\Users\linus\Documents\html\TestOSakerhet\3\2\ts_library\backend\target\classes;C:\Users\linus\.m2\repository\org\assertj\assertj-core\3.23.1\assertj-core-3.23.1.jar;C:\Users\linus\.m2\repository\net\bytebuddy\byte-buddy\1.12.10\byte-buddy-1.12.10.jar;C:\Users\linus\.m2\repository\org\junit\jupiter\junit-jupiter-params\5.8.1\junit-jupiter-params-5.8.1.jar;C:\Users\linus\.m2\repository\org\apiguardian\apiguardian-api\1.1.2\apiguardian-api-1.1.2.jar;C:\Users\linus\.m2\repository\org\jooby\jooby\1.6.9\jooby-1.6.9.jar;C:\Users\linus\.m2\repository\org\slf4j\slf4j-api\1.7.36\slf4j-api-1.7.36.jar;C:\Users\linus\.m2\repository\com\typesafe\config\1.4.2\config-1.4.2.jar;C:\Users\linus\.m2\repository\org\jooby\funzy\0.1.0\funzy-0.1.0.jar;C:\Users\linus\.m2\repository\com\google\guava\guava\31.1-jre\guava-31.1-jre.jar;C:\Users\linus\.m2\repository\com\google\guava\failureaccess\1.0.1\failureaccess-1.0.1.jar;C:\Users\linus\.m2\repository\com\google\guava\listenablefuture\9999.0-empty-to-avoid-conflict-with-guava\listenablefuture-9999.0-empty-to-avoid-conflict-with-guava.jar;C:\Users\linus\.m2\repository\com\google\code\findbugs\jsr305\3.0.2\jsr305-3.0.2.jar;C:\Users\linus\.m2\repository\org\checkerframework\checker-qual\3.12.0\checker-qual-3.12.0.jar;C:\Users\linus\.m2\repository\com\google\errorprone\error_prone_annotations\2.11.0\error_prone_annotations-2.11.0.jar;C:\Users\linus\.m2\repository\com\google\j2objc\j2objc-annotations\1.3\j2objc-annotations-1.3.jar;C:\Users\linus\.m2\repository\com\google\inject\extensions\guice-multibindings\4.2.0\guice-multibindings-4.2.0.jar;C:\Users\linus\.m2\repository\io\jooby\jooby-netty\2.15.1\jooby-netty-2.15.1.jar;C:\Users\linus\.m2\repository\io\jooby\jooby\2.15.1\jooby-2.15.1.jar;C:\Users\linus\.m2\repository\javax\inject\javax.inject\1\javax.inject-1.jar;C:\Users\linus\.m2\repository\io\netty\netty-handler\4.1.77.Final\netty-handler-4.1.77.Final.jar;C:\Users\linus\.m2\repository\io\netty\netty-common\4.1.77.Final\netty-common-4.1.77.Final.jar;C:\Users\linus\.m2\repository\io\netty\netty-resolver\4.1.77.Final\netty-resolver-4.1.77.Final.jar;C:\Users\linus\.m2\repository\io\netty\netty-buffer\4.1.77.Final\netty-buffer-4.1.77.Final.jar;C:\Users\linus\.m2\repository\io\netty\netty-transport\4.1.77.Final\netty-transport-4.1.77.Final.jar;C:\Users\linus\.m2\repository\io\netty\netty-codec\4.1.77.Final\netty-codec-4.1.77.Final.jar;C:\Users\linus\.m2\repository\io\netty\netty-codec-http\4.1.77.Final\netty-codec-http-4.1.77.Final.jar;C:\Users\linus\.m2\repository\io\jooby\jooby-jackson\2.15.1\jooby-jackson-2.15.1.jar;C:\Users\linus\.m2\repository\com\fasterxml\jackson\core\jackson-databind\2.13.3\jackson-databind-2.13.3.jar;C:\Users\linus\.m2\repository\com\fasterxml\jackson\core\jackson-annotations\2.13.3\jackson-annotations-2.13.3.jar;C:\Users\linus\.m2\repository\com\fasterxml\jackson\core\jackson-core\2.13.3\jackson-core-2.13.3.jar;C:\Users\linus\.m2\repository\com\fasterxml\jackson\datatype\jackson-datatype-jdk8\2.13.3\jackson-datatype-jdk8-2.13.3.jar;C:\Users\linus\.m2\repository\com\fasterxml\jackson\datatype\jackson-datatype-jsr310\2.13.3\jackson-datatype-jsr310-2.13.3.jar;C:\Users\linus\.m2\repository\com\fasterxml\jackson\module\jackson-module-parameter-names\2.13.3\jackson-module-parameter-names-2.13.3.jar;C:\Users\linus\.m2\repository\io\jooby\jooby-hikari\2.15.1\jooby-hikari-2.15.1.jar;C:\Users\linus\.m2\repository\com\zaxxer\HikariCP\4.0.3\HikariCP-4.0.3.jar;C:\Users\linus\.m2\repository\io\jooby\jooby-flyway\2.15.1\jooby-flyway-2.15.1.jar;C:\Users\linus\.m2\repository\org\flywaydb\flyway-core\7.5.1\flyway-core-7.5.1.jar;C:\Users\linus\.m2\repository\io\jooby\jooby-guice\2.15.1\jooby-guice-2.15.1.jar;C:\Users\linus\.m2\repository\com\google\inject\guice\5.1.0\guice-5.1.0.jar;C:\Users\linus\.m2\repository\aopalliance\aopalliance\1.0\aopalliance-1.0.jar;C:\Users\linus\.m2\repository\io\jooby\jooby-pac4j\2.15.1\jooby-pac4j-2.15.1.jar;C:\Users\linus\.m2\repository\org\pac4j\pac4j-core\4.5.6\pac4j-core-4.5.6.jar;C:\Users\linus\.m2\repository\org\pac4j\pac4j-http\4.5.6\pac4j-http-4.5.6.jar;C:\Users\linus\.m2\repository\mysql\mysql-connector-java\8.0.29\mysql-connector-java-8.0.29.jar;C:\Users\linus\.m2\repository\com\google\protobuf\protobuf-java\3.19.4\protobuf-java-3.19.4.jar;C:\Users\linus\.m2\repository\ch\qos\logback\logback-classic\1.2.11\logback-classic-1.2.11.jar;C:\Users\linus\.m2\repository\ch\qos\logback\logback-core\1.2.11\logback-core-1.2.11.jar;C:\Users\linus\.m2\repository\org\springframework\security\spring-security-crypto\5.7.1\spring-security-crypto-5.7.1.jar;C:\Users\linus\.m2\repository\org\slf4j\jcl-over-slf4j\1.7.28\jcl-over-slf4j-1.7.28.jar;C:\Users\linus\.m2\repository\commons-logging\commons-logging\1.3.1\commons-logging-1.3.1.jar;C:\Users\linus\.m2\repository\org\mockito\mockito-core\4.6.1\mockito-core-4.6.1.jar;C:\Users\linus\.m2\repository\net\bytebuddy\byte-buddy-agent\1.12.10\byte-buddy-agent-1.12.10.jar;C:\Users\linus\.m2\repository\org\objenesis\objenesis\3.2\objenesis-3.2.jar;C:\Users\linus\.m2\repository\org\mockito\mockito-junit-jupiter\4.6.1\mockito-junit-jupiter-4.6.1.jar;C:\Users\linus\.m2\repository\org\bouncycastle\bcpkix-jdk15on\1.70\bcpkix-jdk15on-1.70.jar;C:\Users\linus\.m2\repository\org\bouncycastle\bcprov-jdk15on\1.70\bcprov-jdk15on-1.70.jar;C:\Users\linus\.m2\repository\org\bouncycastle\bcutil-jdk15on\1.70\bcutil-jdk15on-1.70.jar;C:\Users\linus\.m2\repository\org\junit\jupiter\junit-jupiter-api\5.8.1\junit-jupiter-api-5.8.1.jar;C:\Users\linus\.m2\repository\org\opentest4j\opentest4j\1.2.0\opentest4j-1.2.0.jar;C:\Users\linus\.m2\repository\org\junit\platform\junit-platform-commons\1.8.1\junit-platform-commons-1.8.1.jar;C:\Users\linus\.m2\repository\org\junit\jupiter\junit-jupiter-engine\5.8.1\junit-jupiter-engine-5.8.1.jar;C:\Users\linus\.m2\repository\org\junit\platform\junit-platform-engine\1.8.1\junit-platform-engine-1.8.1.jar;C:\Users\linus\.m2\repository\io\jooby\jooby-test\2.15.1\jooby-test-2.15.1.jar;C:\Users\linus\.m2\repository\com\squareup\okhttp3\okhttp\4.9.3\okhttp-4.9.3.jar;C:\Users\linus\.m2\repository\com\squareup\okio\okio\2.8.0\okio-2.8.0.jar;C:\Users\linus\.m2\repository\org\jetbrains\kotlin\kotlin-stdlib-common\1.4.0\kotlin-stdlib-common-1.4.0.jar;C:\Users\linus\.m2\repository\org\jetbrains\kotlin\kotlin-stdlib\1.6.21\kotlin-stdlib-1.6.21.jar;C:\Users\linus\.m2\repository\org\jetbrains\annotations\13.0\annotations-13.0.jar;C:\Users\linus\.m2\repository\com\h2database\h2\1.4.200\h2-1.4.200.jar;C:\Users\linus\.m2\repository\com\radcortez\flyway\flyway-junit5-extension\1.3.0\flyway-junit5-extension-1.3.0.jar;C:\Users\linus\.m2\repository\org\springframework\spring-core\6.1.5\spring-core-6.1.5.jar;C:\Users\linus\.m2\repository\org\springframework\spring-jcl\6.1.5\spring-jcl-6.1.5.jar;C:\Users\linus\.m2\repository\org\springframework\security\spring-security-core\6.2.3\spring-security-core-6.2.3.jar;C:\Users\linus\.m2\repository\org\springframework\spring-aop\6.1.5\spring-aop-6.1.5.jar;C:\Users\linus\.m2\repository\org\springframework\spring-beans\6.1.5\spring-beans-6.1.5.jar;C:\Users\linus\.m2\repository\org\springframework\spring-context\5.3.20\spring-context-5.3.20.jar;C:\Users\linus\.m2\repository\org\springframework\spring-expression\6.1.5\spring-expression-6.1.5.jar;C:\Users\linus\.m2\repository\io\micrometer\micrometer-observation\1.12.4\micrometer-observation-1.12.4.jar;C:\Users\linus\.m2\repository\io\micrometer\micrometer-commons\1.12.4\micrometer-commons-1.12.4.jar;"/>
    <property name="java.vm.vendor" value="Oracle Corporation"/>
    <property name="sun.arch.data.model" value="64"/>
    <property name="user.variant" value=""/>
    <property name="java.vendor.url" value="https://java.oracle.com/"/>
    <property name="user.timezone" value="Europe/Stockholm"/>
    <property name="user.country.format" value="SE"/>
    <property name="os.name" value="Windows 11"/>
    <property name="java.vm.specification.version" value="20"/>
    <property name="sun.java.launcher" value="SUN_STANDARD"/>
    <property name="user.country" value="GB"/>
    <property name="sun.boot.library.path" value="C:\Program Files\Java\jdk-20\bin"/>
    <property name="sun.java.command" value="C:\Users\linus\AppData\Local\Temp\surefire2615813840573827447\surefirebooter11185619417968088579.jar C:\Users\linus\AppData\Local\Temp\surefire2615813840573827447 2024-04-21T15-48-38_272-jvmRun1 surefire18021079558504375770tmp surefire_08616711995687662066tmp"/>
    <property name="jdk.debug" value="release"/>
    <property name="surefire.test.class.path" value="C:\Users\linus\Documents\html\TestOSakerhet\3\2\ts_library\backend\target\test-classes;C:\Users\linus\Documents\html\TestOSakerhet\3\2\ts_library\backend\target\classes;C:\Users\linus\.m2\repository\org\assertj\assertj-core\3.23.1\assertj-core-3.23.1.jar;C:\Users\linus\.m2\repository\net\bytebuddy\byte-buddy\1.12.10\byte-buddy-1.12.10.jar;C:\Users\linus\.m2\repository\org\junit\jupiter\junit-jupiter-params\5.8.1\junit-jupiter-params-5.8.1.jar;C:\Users\linus\.m2\repository\org\apiguardian\apiguardian-api\1.1.2\apiguardian-api-1.1.2.jar;C:\Users\linus\.m2\repository\org\jooby\jooby\1.6.9\jooby-1.6.9.jar;C:\Users\linus\.m2\repository\org\slf4j\slf4j-api\1.7.36\slf4j-api-1.7.36.jar;C:\Users\linus\.m2\repository\com\typesafe\config\1.4.2\config-1.4.2.jar;C:\Users\linus\.m2\repository\org\jooby\funzy\0.1.0\funzy-0.1.0.jar;C:\Users\linus\.m2\repository\com\google\guava\guava\31.1-jre\guava-31.1-jre.jar;C:\Users\linus\.m2\repository\com\google\guava\failureaccess\1.0.1\failureaccess-1.0.1.jar;C:\Users\linus\.m2\repository\com\google\guava\listenablefuture\9999.0-empty-to-avoid-conflict-with-guava\listenablefuture-9999.0-empty-to-avoid-conflict-with-guava.jar;C:\Users\linus\.m2\repository\com\google\code\findbugs\jsr305\3.0.2\jsr305-3.0.2.jar;C:\Users\linus\.m2\repository\org\checkerframework\checker-qual\3.12.0\checker-qual-3.12.0.jar;C:\Users\linus\.m2\repository\com\google\errorprone\error_prone_annotations\2.11.0\error_prone_annotations-2.11.0.jar;C:\Users\linus\.m2\repository\com\google\j2objc\j2objc-annotations\1.3\j2objc-annotations-1.3.jar;C:\Users\linus\.m2\repository\com\google\inject\extensions\guice-multibindings\4.2.0\guice-multibindings-4.2.0.jar;C:\Users\linus\.m2\repository\io\jooby\jooby-netty\2.15.1\jooby-netty-2.15.1.jar;C:\Users\linus\.m2\repository\io\jooby\jooby\2.15.1\jooby-2.15.1.jar;C:\Users\linus\.m2\repository\javax\inject\javax.inject\1\javax.inject-1.jar;C:\Users\linus\.m2\repository\io\netty\netty-handler\4.1.77.Final\netty-handler-4.1.77.Final.jar;C:\Users\linus\.m2\repository\io\netty\netty-common\4.1.77.Final\netty-common-4.1.77.Final.jar;C:\Users\linus\.m2\repository\io\netty\netty-resolver\4.1.77.Final\netty-resolver-4.1.77.Final.jar;C:\Users\linus\.m2\repository\io\netty\netty-buffer\4.1.77.Final\netty-buffer-4.1.77.Final.jar;C:\Users\linus\.m2\repository\io\netty\netty-transport\4.1.77.Final\netty-transport-4.1.77.Final.jar;C:\Users\linus\.m2\repository\io\netty\netty-codec\4.1.77.Final\netty-codec-4.1.77.Final.jar;C:\Users\linus\.m2\repository\io\netty\netty-codec-http\4.1.77.Final\netty-codec-http-4.1.77.Final.jar;C:\Users\linus\.m2\repository\io\jooby\jooby-jackson\2.15.1\jooby-jackson-2.15.1.jar;C:\Users\linus\.m2\repository\com\fasterxml\jackson\core\jackson-databind\2.13.3\jackson-databind-2.13.3.jar;C:\Users\linus\.m2\repository\com\fasterxml\jackson\core\jackson-annotations\2.13.3\jackson-annotations-2.13.3.jar;C:\Users\linus\.m2\repository\com\fasterxml\jackson\core\jackson-core\2.13.3\jackson-core-2.13.3.jar;C:\Users\linus\.m2\repository\com\fasterxml\jackson\datatype\jackson-datatype-jdk8\2.13.3\jackson-datatype-jdk8-2.13.3.jar;C:\Users\linus\.m2\repository\com\fasterxml\jackson\datatype\jackson-datatype-jsr310\2.13.3\jackson-datatype-jsr310-2.13.3.jar;C:\Users\linus\.m2\repository\com\fasterxml\jackson\module\jackson-module-parameter-names\2.13.3\jackson-module-parameter-names-2.13.3.jar;C:\Users\linus\.m2\repository\io\jooby\jooby-hikari\2.15.1\jooby-hikari-2.15.1.jar;C:\Users\linus\.m2\repository\com\zaxxer\HikariCP\4.0.3\HikariCP-4.0.3.jar;C:\Users\linus\.m2\repository\io\jooby\jooby-flyway\2.15.1\jooby-flyway-2.15.1.jar;C:\Users\linus\.m2\repository\org\flywaydb\flyway-core\7.5.1\flyway-core-7.5.1.jar;C:\Users\linus\.m2\repository\io\jooby\jooby-guice\2.15.1\jooby-guice-2.15.1.jar;C:\Users\linus\.m2\repository\com\google\inject\guice\5.1.0\guice-5.1.0.jar;C:\Users\linus\.m2\repository\aopalliance\aopalliance\1.0\aopalliance-1.0.jar;C:\Users\linus\.m2\repository\io\jooby\jooby-pac4j\2.15.1\jooby-pac4j-2.15.1.jar;C:\Users\linus\.m2\repository\org\pac4j\pac4j-core\4.5.6\pac4j-core-4.5.6.jar;C:\Users\linus\.m2\repository\org\pac4j\pac4j-http\4.5.6\pac4j-http-4.5.6.jar;C:\Users\linus\.m2\repository\mysql\mysql-connector-java\8.0.29\mysql-connector-java-8.0.29.jar;C:\Users\linus\.m2\repository\com\google\protobuf\protobuf-java\3.19.4\protobuf-java-3.19.4.jar;C:\Users\linus\.m2\repository\ch\qos\logback\logback-classic\1.2.11\logback-classic-1.2.11.jar;C:\Users\linus\.m2\repository\ch\qos\logback\logback-core\1.2.11\logback-core-1.2.11.jar;C:\Users\linus\.m2\repository\org\springframework\security\spring-security-crypto\5.7.1\spring-security-crypto-5.7.1.jar;C:\Users\linus\.m2\repository\org\slf4j\jcl-over-slf4j\1.7.28\jcl-over-slf4j-1.7.28.jar;C:\Users\linus\.m2\repository\commons-logging\commons-logging\1.3.1\commons-logging-1.3.1.jar;C:\Users\linus\.m2\repository\org\mockito\mockito-core\4.6.1\mockito-core-4.6.1.jar;C:\Users\linus\.m2\repository\net\bytebuddy\byte-buddy-agent\1.12.10\byte-buddy-agent-1.12.10.jar;C:\Users\linus\.m2\repository\org\objenesis\objenesis\3.2\objenesis-3.2.jar;C:\Users\linus\.m2\repository\org\mockito\mockito-junit-jupiter\4.6.1\mockito-junit-jupiter-4.6.1.jar;C:\Users\linus\.m2\repository\org\bouncycastle\bcpkix-jdk15on\1.70\bcpkix-jdk15on-1.70.jar;C:\Users\linus\.m2\repository\org\bouncycastle\bcprov-jdk15on\1.70\bcprov-jdk15on-1.70.jar;C:\Users\linus\.m2\repository\org\bouncycastle\bcutil-jdk15on\1.70\bcutil-jdk15on-1.70.jar;C:\Users\linus\.m2\repository\org\junit\jupiter\junit-jupiter-api\5.8.1\junit-jupiter-api-5.8.1.jar;C:\Users\linus\.m2\repository\org\opentest4j\opentest4j\1.2.0\opentest4j-1.2.0.jar;C:\Users\linus\.m2\repository\org\junit\platform\junit-platform-commons\1.8.1\junit-platform-commons-1.8.1.jar;C:\Users\linus\.m2\repository\org\junit\jupiter\junit-jupiter-engine\5.8.1\junit-jupiter-engine-5.8.1.jar;C:\Users\linus\.m2\repository\org\junit\platform\junit-platform-engine\1.8.1\junit-platform-engine-1.8.1.jar;C:\Users\linus\.m2\repository\io\jooby\jooby-test\2.15.1\jooby-test-2.15.1.jar;C:\Users\linus\.m2\repository\com\squareup\okhttp3\okhttp\4.9.3\okhttp-4.9.3.jar;C:\Users\linus\.m2\repository\com\squareup\okio\okio\2.8.0\okio-2.8.0.jar;C:\Users\linus\.m2\repository\org\jetbrains\kotlin\kotlin-stdlib-common\1.4.0\kotlin-stdlib-common-1.4.0.jar;C:\Users\linus\.m2\repository\org\jetbrains\kotlin\kotlin-stdlib\1.6.21\kotlin-stdlib-1.6.21.jar;C:\Users\linus\.m2\repository\org\jetbrains\annotations\13.0\annotations-13.0.jar;C:\Users\linus\.m2\repository\com\h2database\h2\1.4.200\h2-1.4.200.jar;C:\Users\linus\.m2\repository\com\radcortez\flyway\flyway-junit5-extension\1.3.0\flyway-junit5-extension-1.3.0.jar;C:\Users\linus\.m2\repository\org\springframework\spring-core\6.1.5\spring-core-6.1.5.jar;C:\Users\linus\.m2\repository\org\springframework\spring-jcl\6.1.5\spring-jcl-6.1.5.jar;C:\Users\linus\.m2\repository\org\springframework\security\spring-security-core\6.2.3\spring-security-core-6.2.3.jar;C:\Users\linus\.m2\repository\org\springframework\spring-aop\6.1.5\spring-aop-6.1.5.jar;C:\Users\linus\.m2\repository\org\springframework\spring-beans\6.1.5\spring-beans-6.1.5.jar;C:\Users\linus\.m2\repository\org\springframework\spring-context\5.3.20\spring-context-5.3.20.jar;C:\Users\linus\.m2\repository\org\springframework\spring-expression\6.1.5\spring-expression-6.1.5.jar;C:\Users\linus\.m2\repository\io\micrometer\micrometer-observation\1.12.4\micrometer-observation-1.12.4.jar;C:\Users\linus\.m2\repository\io\micrometer\micrometer-commons\1.12.4\micrometer-commons-1.12.4.jar;"/>
    <property name="sun.cpu.endian" value="little"/>
    <property name="user.home" value="C:\Users\linus"/>
    <property name="user.language" value="en"/>
    <property name="java.specification.vendor" value="Oracle Corporation"/>
    <property name="java.version.date" value="2023-03-21"/>
    <property name="java.home" value="C:\Program Files\Java\jdk-20"/>
    <property name="file.separator" value="\"/>
    <property name="basedir" value="C:\Users\linus\Documents\html\TestOSakerhet\3\2\ts_library\backend"/>
    <property name="java.vm.compressedOopsMode" value="Zero based"/>
    <property name="line.separator" value="&#10;"/>
    <property name="java.vm.specification.vendor" value="Oracle Corporation"/>
    <property name="java.specification.name" value="Java Platform API Specification"/>
    <property name="surefire.real.class.path" value="C:\Users\linus\AppData\Local\Temp\surefire2615813840573827447\surefirebooter11185619417968088579.jar"/>
    <property name="user.script" value=""/>
    <property name="sun.management.compiler" value="HotSpot 64-Bit Tiered Compilers"/>
    <property name="java.runtime.version" value="20+36-2344"/>
    <property name="user.name" value="linus"/>
    <property name="stdout.encoding" value="Cp1252"/>
    <property name="path.separator" value=";"/>
    <property name="os.version" value="10.0"/>
    <property name="java.runtime.name" value="Java(TM) SE Runtime Environment"/>
    <property name="file.encoding" value="UTF-8"/>
    <property name="java.vm.name" value="Java HotSpot(TM) 64-Bit Server VM"/>
    <property name="localRepository" value="C:\Users\linus\.m2\repository"/>
    <property name="java.vendor.url.bug" value="https://bugreport.java.com/bugreport/"/>
    <property name="java.io.tmpdir" value="C:\Users\linus\AppData\Local\Temp\"/>
    <property name="java.version" value="20"/>
    <property name="user.dir" value="C:\Users\linus\Documents\html\TestOSakerhet\3\2\ts_library\backend"/>
    <property name="os.arch" value="amd64"/>
    <property name="java.vm.specification.name" value="Java Virtual Machine Specification"/>
    <property name="sun.os.patch.level" value=""/>
    <property name="native.encoding" value="Cp1252"/>
    <property name="java.library.path" value="C:\Program Files\Java\jdk-20\bin;C:\Windows\Sun\Java\bin;C:\Windows\system32;C:\Windows;C:\Program Files\Common Files\Oracle\Java\javapath;C:\Program Files (x86)\Common Files\Oracle\Java\javapath;C:\Windows\system32;C:\Windows;C:\Windows\System32\Wbem;C:\Windows\System32\WindowsPowerShell\v1.0\;C:\Windows\System32\OpenSSH\;C:\Program Files\NVIDIA Corporation\NVIDIA NvDLISR;C:\Program Files (x86)\NVIDIA Corporation\PhysX\Common;C:\Program Files\Git\cmd;C:\Program Files\Java\jdk-20\bin;C:\Users\linus\Documents\html\apache-maven-3.9.4\bin;C:\cygwin64\bin;C:\Program Files\MySQL\MySQL Shell 8.0\bin\;C:\Users\linus\AppData\Local\Microsoft\WindowsApps;C:\Users\linus\AppData\Local\Programs\Microsoft VS Code\bin;C:\Program Files\Java\jdk-20\bin;C:\Program Files\JetBrains\IntelliJ IDEA 2023.3.1\bin;;C:\Program Files\JetBrains\IntelliJ IDEA Community Edition 2023.3.1\bin;;C:\Users\linus\Documents\html\apache-maven-3.9.4\bin;C:\Program Files\nodejs;;."/>
    <property name="java.vm.info" value="mixed mode, sharing"/>
    <property name="stderr.encoding" value="Cp1252"/>
    <property name="java.vendor" value="Oracle Corporation"/>
    <property name="java.vm.version" value="20+36-2344"/>
    <property name="sun.io.unicode.encoding" value="UnicodeLittle"/>
    <property name="java.class.version" value="64.0"/>
  </properties>
  <testcase name="registerUser" classname="se.yrgo.libraryapp.dao.UserDaoIntegrationTest" time="0.26">
    <system-out><![CDATA[[2024-04-21 15:48:39,085]-[main] INFO  org.flywaydb.core.internal.license.VersionPrinter - Flyway Community Edition 7.5.1 by Redgate
[2024-04-21 15:48:39,090]-[main] ERROR org.flywaydb.core.internal.scanner.classpath.ClassPathScanner - Unable to resolve location classpath:db/se/yrgo/libraryapp/dao/UserDaoIntegrationTest.
[2024-04-21 15:48:39,211]-[main] INFO  org.flywaydb.core.internal.database.base.DatabaseType - Database: jdbc:h2:mem:test (H2 1.4)
[2024-04-21 15:48:39,254]-[main] INFO  org.flywaydb.core.internal.command.DbClean - Successfully dropped pre-schema database level objects (execution time 00:00.002s)
[2024-04-21 15:48:39,258]-[main] INFO  org.flywaydb.core.internal.command.DbClean - Successfully cleaned schema "PUBLIC" (execution time 00:00.003s)
[2024-04-21 15:48:39,259]-[main] INFO  org.flywaydb.core.internal.command.DbClean - Successfully dropped post-schema database level objects (execution time 00:00.000s)
[2024-04-21 15:48:39,263]-[main] INFO  org.flywaydb.core.internal.license.VersionPrinter - Flyway Community Edition 7.5.1 by Redgate
[2024-04-21 15:48:39,264]-[main] ERROR org.flywaydb.core.internal.scanner.classpath.ClassPathScanner - Unable to resolve location classpath:db/se/yrgo/libraryapp/dao/UserDaoIntegrationTest.
[2024-04-21 15:48:39,284]-[main] INFO  org.flywaydb.core.internal.command.DbValidate - Successfully validated 10 migrations (execution time 00:00.015s)
[2024-04-21 15:48:39,292]-[main] INFO  org.flywaydb.core.internal.schemahistory.JdbcTableSchemaHistory - Creating Schema History table "PUBLIC"."flyway_schema_history" ...
[2024-04-21 15:48:39,327]-[main] INFO  org.flywaydb.core.internal.command.DbMigrate - Current version of schema "PUBLIC": << Empty Schema >>
[2024-04-21 15:48:39,331]-[main] INFO  org.flywaydb.core.internal.command.DbMigrate - Migrating schema "PUBLIC" to version "1 - baseline"
[2024-04-21 15:48:39,368]-[main] INFO  org.flywaydb.core.internal.command.DbMigrate - Migrating schema "PUBLIC" to version "1.0.1 - test data"
[2024-04-21 15:48:39,383]-[main] INFO  org.flywaydb.core.internal.command.DbMigrate - Migrating schema "PUBLIC" to version "1.0.1655380356 - roles"
[2024-04-21 15:48:39,395]-[main] INFO  org.flywaydb.core.internal.command.DbMigrate - Migrating schema "PUBLIC" to version "1.0.1655380357 - roles test data"
[2024-04-21 15:48:39,406]-[main] INFO  org.flywaydb.core.internal.command.DbMigrate - Migrating schema "PUBLIC" to version "1.0.1656415382 - books"
[2024-04-21 15:48:39,426]-[main] INFO  org.flywaydb.core.internal.command.DbMigrate - Migrating schema "PUBLIC" to version "1.0.1656415572 - books test data"
[2024-04-21 15:48:39,440]-[main] INFO  org.flywaydb.core.internal.command.DbMigrate - Migrating schema "PUBLIC" to version "1.0.1656503798 - more books"
[2024-04-21 15:48:39,453]-[main] INFO  org.flywaydb.core.internal.command.DbMigrate - Migrating schema "PUBLIC" to version "1.0.1656581560 - make user unique"
[2024-04-21 15:48:39,461]-[main] INFO  org.flywaydb.core.internal.command.DbMigrate - Migrating schema "PUBLIC" to version "1.0.1656939211 - realname"
[2024-04-21 15:48:39,479]-[main] INFO  org.flywaydb.core.internal.command.DbMigrate - Migrating schema "PUBLIC" to version "1.0.1656939220 - realname"
[2024-04-21 15:48:39,491]-[main] INFO  org.flywaydb.core.internal.command.DbMigrate - Successfully applied 10 migrations to schema "PUBLIC" (execution time 00:00.170s)
[2024-04-21 15:48:39,542]-[main] INFO  org.flywaydb.core.internal.license.VersionPrinter - Flyway Community Edition 7.5.1 by Redgate
[2024-04-21 15:48:39,544]-[main] ERROR org.flywaydb.core.internal.scanner.classpath.ClassPathScanner - Unable to resolve location classpath:db/se/yrgo/libraryapp/dao/UserDaoIntegrationTest.
[2024-04-21 15:48:39,544]-[main] INFO  org.flywaydb.core.internal.database.base.DatabaseType - Database: jdbc:h2:mem:test (H2 1.4)
[2024-04-21 15:48:39,555]-[main] INFO  org.flywaydb.core.internal.command.DbValidate - Successfully validated 10 migrations (execution time 00:00.009s)
[2024-04-21 15:48:39,562]-[main] INFO  org.flywaydb.core.internal.command.DbMigrate - Current version of schema "PUBLIC": 1.0.1656939220
[2024-04-21 15:48:39,563]-[main] INFO  org.flywaydb.core.internal.command.DbMigrate - Schema "PUBLIC" is up to date. No migration necessary.
[2024-04-21 15:48:39,768]-[main] INFO  org.flywaydb.core.internal.license.VersionPrinter - Flyway Community Edition 7.5.1 by Redgate
[2024-04-21 15:48:39,770]-[main] ERROR org.flywaydb.core.internal.scanner.classpath.ClassPathScanner - Unable to resolve location classpath:db/se/yrgo/libraryapp/dao/UserDaoIntegrationTest.
[2024-04-21 15:48:39,771]-[main] INFO  org.flywaydb.core.internal.database.base.DatabaseType - Database: jdbc:h2:mem:test (H2 1.4)
[2024-04-21 15:48:39,775]-[main] INFO  org.flywaydb.core.internal.command.DbClean - Successfully dropped pre-schema database level objects (execution time 00:00.000s)
[2024-04-21 15:48:39,781]-[main] INFO  org.flywaydb.core.internal.command.DbClean - Successfully cleaned schema "PUBLIC" (execution time 00:00.005s)
[2024-04-21 15:48:39,781]-[main] INFO  org.flywaydb.core.internal.command.DbClean - Successfully dropped post-schema database level objects (execution time 00:00.000s)
]]></system-out>
  </testcase>
  <testcase name="getUserByName" classname="se.yrgo.libraryapp.dao.UserDaoIntegrationTest" time="0.122">
    <system-out><![CDATA[[2024-04-21 15:48:39,788]-[main] INFO  org.flywaydb.core.internal.license.VersionPrinter - Flyway Community Edition 7.5.1 by Redgate
[2024-04-21 15:48:39,790]-[main] ERROR org.flywaydb.core.internal.scanner.classpath.ClassPathScanner - Unable to resolve location classpath:db/se/yrgo/libraryapp/dao/UserDaoIntegrationTest.
[2024-04-21 15:48:39,790]-[main] INFO  org.flywaydb.core.internal.database.base.DatabaseType - Database: jdbc:h2:mem:test (H2 1.4)
[2024-04-21 15:48:39,798]-[main] INFO  org.flywaydb.core.internal.command.DbValidate - Successfully validated 10 migrations (execution time 00:00.005s)
[2024-04-21 15:48:39,801]-[main] INFO  org.flywaydb.core.internal.schemahistory.JdbcTableSchemaHistory - Creating Schema History table "PUBLIC"."flyway_schema_history" ...
[2024-04-21 15:48:39,811]-[main] INFO  org.flywaydb.core.internal.command.DbMigrate - Current version of schema "PUBLIC": << Empty Schema >>
[2024-04-21 15:48:39,814]-[main] INFO  org.flywaydb.core.internal.command.DbMigrate - Migrating schema "PUBLIC" to version "1 - baseline"
[2024-04-21 15:48:39,824]-[main] INFO  org.flywaydb.core.internal.command.DbMigrate - Migrating schema "PUBLIC" to version "1.0.1 - test data"
[2024-04-21 15:48:39,830]-[main] INFO  org.flywaydb.core.internal.command.DbMigrate - Migrating schema "PUBLIC" to version "1.0.1655380356 - roles"
[2024-04-21 15:48:39,841]-[main] INFO  org.flywaydb.core.internal.command.DbMigrate - Migrating schema "PUBLIC" to version "1.0.1655380357 - roles test data"
[2024-04-21 15:48:39,846]-[main] INFO  org.flywaydb.core.internal.command.DbMigrate - Migrating schema "PUBLIC" to version "1.0.1656415382 - books"
[2024-04-21 15:48:39,858]-[main] INFO  org.flywaydb.core.internal.command.DbMigrate - Migrating schema "PUBLIC" to version "1.0.1656415572 - books test data"
[2024-04-21 15:48:39,872]-[main] INFO  org.flywaydb.core.internal.command.DbMigrate - Migrating schema "PUBLIC" to version "1.0.1656503798 - more books"
[2024-04-21 15:48:39,878]-[main] INFO  org.flywaydb.core.internal.command.DbMigrate - Migrating schema "PUBLIC" to version "1.0.1656581560 - make user unique"
[2024-04-21 15:48:39,882]-[main] INFO  org.flywaydb.core.internal.command.DbMigrate - Migrating schema "PUBLIC" to version "1.0.1656939211 - realname"
[2024-04-21 15:48:39,889]-[main] INFO  org.flywaydb.core.internal.command.DbMigrate - Migrating schema "PUBLIC" to version "1.0.1656939220 - realname"
[2024-04-21 15:48:39,892]-[main] INFO  org.flywaydb.core.internal.command.DbMigrate - Successfully applied 10 migrations to schema "PUBLIC" (execution time 00:00.083s)
[2024-04-21 15:48:39,895]-[main] INFO  org.flywaydb.core.internal.license.VersionPrinter - Flyway Community Edition 7.5.1 by Redgate
[2024-04-21 15:48:39,896]-[main] ERROR org.flywaydb.core.internal.scanner.classpath.ClassPathScanner - Unable to resolve location classpath:db/se/yrgo/libraryapp/dao/UserDaoIntegrationTest.
[2024-04-21 15:48:39,896]-[main] INFO  org.flywaydb.core.internal.database.base.DatabaseType - Database: jdbc:h2:mem:test (H2 1.4)
[2024-04-21 15:48:39,899]-[main] INFO  org.flywaydb.core.internal.command.DbClean - Successfully dropped pre-schema database level objects (execution time 00:00.000s)
[2024-04-21 15:48:39,907]-[main] INFO  org.flywaydb.core.internal.command.DbClean - Successfully cleaned schema "PUBLIC" (execution time 00:00.007s)
[2024-04-21 15:48:39,907]-[main] INFO  org.flywaydb.core.internal.command.DbClean - Successfully dropped post-schema database level objects (execution time 00:00.000s)
]]></system-out>
  </testcase>
</testsuite>